# JRE version: OpenJDK Runtime Environment Temurin-18.0.1+10 (18.0.1+10) (build 18.0.1+10)
# Java VM: OpenJDK 64-Bit Server VM Temurin-18.0.1+10 (18.0.1+10, mixed mode, tiered, compressed oops, compressed class ptrs, g1 gc, windows-amd64)
GC Precious Log:
 CardTable entry size: 512
 Card Set container configuration: InlinePtr #cards 4 size 8 Array Of Cards #cards 16 size 48 Howl #buckets 8 coarsen threshold 3686 Howl Bitmap #cards 512 size 80 coarsen threshold 460 Card regions per heap region 1 cards per card region 4096
 CPUs: 12 total, 12 available
 Memory: 16310M
 Large Page Support: Disabled
 NUMA Support: Disabled
 Compressed Oops: Enabled (Zero based)
 Heap Region Size: 2M
 Heap Min Capacity: 8M
 Heap Initial Capacity: 256M
 Heap Max Capacity: 4078M
 Pre-touch: Disabled
 Parallel Workers: 10
 Concurrent Workers: 3
 Concurrent Refinement Workers: 10
 Periodic GC: Disabled
Heap:
 garbage-first heap   total 40960K, used 16875K [0x0000000701200000, 0x0000000800000000)
  region size 2048K, 1 young (2048K), 1 survivors (2048K)
 Metaspace       used 27476K, committed 27840K, reserved 1114112K
  class space    used 3232K, committed 3392K, reserved 1048576K
GC Heap History (20 events):
Event: 1494.832 GC heap after
{Heap after GC invocations=481 (full 0):
 garbage-first heap   total 40960K, used 12693K [0x0000000701200000, 0x0000000800000000)
  region size 2048K, 1 young (2048K), 1 survivors (2048K)
 Metaspace       used 27472K, committed 27840K, reserved 1114112K
  class space    used 3231K, committed 3392K, reserved 1048576K
}
Event: 1497.937 GC heap before
{Heap before GC invocations=481 (full 0):
 garbage-first heap   total 40960K, used 33173K [0x0000000701200000, 0x0000000800000000)
  region size 2048K, 11 young (22528K), 1 survivors (2048K)
 Metaspace       used 27472K, committed 27840K, reserved 1114112K
  class space    used 3231K, committed 3392K, reserved 1048576K
}
Event: 1497.937 GC heap after
{Heap after GC invocations=482 (full 0):
 garbage-first heap   total 40960K, used 12719K [0x0000000701200000, 0x0000000800000000)
  region size 2048K, 1 young (2048K), 1 survivors (2048K)
 Metaspace       used 27472K, committed 27840K, reserved 1114112K
  class space    used 3231K, committed 3392K, reserved 1048576K
}
Event: 1500.928 GC heap before
{Heap before GC invocations=482 (full 0):
 garbage-first heap   total 40960K, used 33199K [0x0000000701200000, 0x0000000800000000)
  region size 2048K, 11 young (22528K), 1 survivors (2048K)
 Metaspace       used 27472K, committed 27840K, reserved 1114112K
  class space    used 3231K, committed 3392K, reserved 1048576K
}
Event: 1500.929 GC heap after
{Heap after GC invocations=483 (full 0):
 garbage-first heap   total 40960K, used 12696K [0x0000000701200000, 0x0000000800000000)
  region size 2048K, 1 young (2048K), 1 survivors (2048K)
 Metaspace       used 27472K, committed 27840K, reserved 1114112K
  class space    used 3231K, committed 3392K, reserved 1048576K
}
Event: 1503.937 GC heap before
{Heap before GC invocations=483 (full 0):
 garbage-first heap   total 40960K, used 33176K [0x0000000701200000, 0x0000000800000000)
  region size 2048K, 11 young (22528K), 1 survivors (2048K)
 Metaspace       used 27472K, committed 27840K, reserved 1114112K
  class space    used 3231K, committed 3392K, reserved 1048576K
}
Event: 1503.973 GC heap after
{Heap after GC invocations=484 (full 0):
 garbage-first heap   total 40960K, used 12704K [0x0000000701200000, 0x0000000800000000)
  region size 2048K, 1 young (2048K), 1 survivors (2048K)
 Metaspace       used 27472K, committed 27840K, reserved 1114112K
  class space    used 3231K, committed 3392K, reserved 1048576K
}
Event: 1506.945 GC heap before
{Heap before GC invocations=484 (full 0):
 garbage-first heap   total 40960K, used 33184K [0x0000000701200000, 0x0000000800000000)
  region size 2048K, 11 young (22528K), 1 survivors (2048K)
 Metaspace       used 27472K, committed 27840K, reserved 1114112K
  class space    used 3231K, committed 3392K, reserved 1048576K
}
Event: 1506.945 GC heap after
{Heap after GC invocations=485 (full 0):
 garbage-first heap   total 40960K, used 12702K [0x0000000701200000, 0x0000000800000000)
  region size 2048K, 1 young (2048K), 1 survivors (2048K)
 Metaspace       used 27472K, committed 27840K, reserved 1114112K
  class space    used 3231K, committed 3392K, reserved 1048576K
}
Event: 1509.937 GC heap before
{Heap before GC invocations=485 (full 0):
 garbage-first heap   total 40960K, used 33182K [0x0000000701200000, 0x0000000800000000)
  region size 2048K, 11 young (22528K), 1 survivors (2048K)
 Metaspace       used 27472K, committed 27840K, reserved 1114112K
  class space    used 3231K, committed 3392K, reserved 1048576K
}
Event: 1509.937 GC heap after
{Heap after GC invocations=486 (full 0):
 garbage-first heap   total 40960K, used 12742K [0x0000000701200000, 0x0000000800000000)
  region size 2048K, 1 young (2048K), 1 survivors (2048K)
 Metaspace       used 27472K, committed 27840K, reserved 1114112K
  class space    used 3231K, committed 3392K, reserved 1048576K
}
Event: 1523.846 GC heap before
{Heap before GC invocations=486 (full 0):
 garbage-first heap   total 40960K, used 33222K [0x0000000701200000, 0x0000000800000000)
  region size 2048K, 11 young (22528K), 1 survivors (2048K)
 Metaspace       used 27472K, committed 27840K, reserved 1114112K
  class space    used 3231K, committed 3392K, reserved 1048576K
}
Event: 1523.847 GC heap after
{Heap after GC invocations=487 (full 0):
 garbage-first heap   total 40960K, used 14292K [0x0000000701200000, 0x0000000800000000)
  region size 2048K, 2 young (4096K), 2 survivors (4096K)
 Metaspace       used 27472K, committed 27840K, reserved 1114112K
  class space    used 3231K, committed 3392K, reserved 1048576K
}
Event: 1523.944 GC heap before
{Heap before GC invocations=487 (full 0):
 garbage-first heap   total 40960K, used 30676K [0x0000000701200000, 0x0000000800000000)
  region size 2048K, 10 young (20480K), 2 survivors (4096K)
 Metaspace       used 27472K, committed 27840K, reserved 1114112K
  class space    used 3231K, committed 3392K, reserved 1048576K
}
Event: 1523.946 GC heap after
{Heap after GC invocations=488 (full 0):
 garbage-first heap   total 40960K, used 15988K [0x0000000701200000, 0x0000000800000000)
  region size 2048K, 1 young (2048K), 1 survivors (2048K)
 Metaspace       used 27472K, committed 27840K, reserved 1114112K
  class space    used 3231K, committed 3392K, reserved 1048576K
}
Event: 1524.029 GC heap before
{Heap before GC invocations=488 (full 0):
 garbage-first heap   total 40960K, used 32372K [0x0000000701200000, 0x0000000800000000)
  region size 2048K, 9 young (18432K), 1 survivors (2048K)
 Metaspace       used 27472K, committed 27840K, reserved 1114112K
  class space    used 3231K, committed 3392K, reserved 1048576K
}
Event: 1524.030 GC heap after
{Heap after GC invocations=489 (full 0):
 garbage-first heap   total 40960K, used 17736K [0x0000000701200000, 0x0000000800000000)
  region size 2048K, 2 young (4096K), 2 survivors (4096K)
 Metaspace       used 27472K, committed 27840K, reserved 1114112K
  class space    used 3231K, committed 3392K, reserved 1048576K
}
Event: 1524.105 GC heap before
{Heap before GC invocations=489 (full 0):
 garbage-first heap   total 40960K, used 32072K [0x0000000701200000, 0x0000000800000000)
  region size 2048K, 9 young (18432K), 2 survivors (4096K)
 Metaspace       used 27472K, committed 27840K, reserved 1114112K
  class space    used 3231K, committed 3392K, reserved 1048576K
}
Event: 1524.110 GC heap after
{Heap after GC invocations=490 (full 0):
 garbage-first heap   total 40960K, used 19317K [0x0000000701200000, 0x0000000800000000)
  region size 2048K, 2 young (4096K), 2 survivors (4096K)
 Metaspace       used 27472K, committed 27840K, reserved 1114112K
  class space    used 3231K, committed 3392K, reserved 1048576K
}
Event: 1525.452 GC heap before
{Heap before GC invocations=490 (full 0):
 garbage-first heap   total 40960K, used 31605K [0x0000000701200000, 0x0000000800000000)
  region size 2048K, 8 young (16384K), 2 survivors (4096K)
 Metaspace       used 27476K, committed 27840K, reserved 1114112K
  class space    used 3232K, committed 3392K, reserved 1048576K
}

